[debug] [2024-07-27T11:42:37.320Z] ----------------------------------------------------------------------
[debug] [2024-07-27T11:42:37.322Z] Command:       C:\Program Files\nodejs\node.exe C:\Users\FA-Tanmay\AppData\Roaming\npm\node_modules\firebase-tools\lib\bin\firebase.js init
[debug] [2024-07-27T11:42:37.322Z] CLI Version:   13.14.2
[debug] [2024-07-27T11:42:37.323Z] Platform:      win32
[debug] [2024-07-27T11:42:37.323Z] Node Version:  v18.20.4
[debug] [2024-07-27T11:42:37.323Z] Time:          Sat Jul 27 2024 17:12:37 GMT+0530 (India Standard Time)
[debug] [2024-07-27T11:42:37.324Z] ----------------------------------------------------------------------
[debug] 
[debug] [2024-07-27T11:42:37.331Z] > command requires scopes: ["email","openid","https://www.googleapis.com/auth/cloudplatformprojects.readonly","https://www.googleapis.com/auth/firebase","https://www.googleapis.com/auth/cloud-platform"]
[debug] [2024-07-27T11:42:37.332Z] > authorizing via signed-in user (tanmayct@gmail.com)
[info] 
     ######## #### ########  ######## ########     ###     ######  ########
     ##        ##  ##     ## ##       ##     ##  ##   ##  ##       ##
     ######    ##  ########  ######   ########  #########  ######  ######
     ##        ##  ##    ##  ##       ##     ## ##     ##       ## ##
     ##       #### ##     ## ######## ########  ##     ##  ######  ########

You're about to initialize a Firebase project in this directory:

  C:\Users\FA-Tanmay\Desktop\Realtime\employee-list

[info] 
=== Project Setup
[info] 
[info] First, let's associate this project directory with a Firebase project.
[info] You can create multiple project aliases by running firebase use --add, 
[info] but for now we'll just set up a default project.
[info] 
[debug] [2024-07-27T11:43:19.123Z] > refreshing access token with scopes: []
[debug] [2024-07-27T11:43:19.126Z] >>> [apiv2][query] POST https://www.googleapis.com/oauth2/v3/token [none]
[debug] [2024-07-27T11:43:19.126Z] >>> [apiv2][body] POST https://www.googleapis.com/oauth2/v3/token [omitted]
[debug] [2024-07-27T11:43:19.796Z] <<< [apiv2][status] POST https://www.googleapis.com/oauth2/v3/token 200
[debug] [2024-07-27T11:43:19.796Z] <<< [apiv2][body] POST https://www.googleapis.com/oauth2/v3/token [omitted]
[debug] [2024-07-27T11:43:19.813Z] >>> [apiv2][query] GET https://firebase.googleapis.com/v1beta1/projects pageSize=100
[debug] [2024-07-27T11:43:20.957Z] <<< [apiv2][status] GET https://firebase.googleapis.com/v1beta1/projects 200
[debug] [2024-07-27T11:43:20.958Z] <<< [apiv2][body] GET https://firebase.googleapis.com/v1beta1/projects [omitted]
[info] i  Using project realtime-innovations-57cc8 (Realtime innovations) 
[info] 
=== Firestore Setup
[debug] [2024-07-27T11:43:24.385Z] >>> [apiv2][query] GET https://serviceusage.googleapis.com/v1/projects/realtime-innovations-57cc8/services/firestore.googleapis.com [none]
[debug] [2024-07-27T11:43:24.385Z] >>> [apiv2][(partial)header] GET https://serviceusage.googleapis.com/v1/projects/realtime-innovations-57cc8/services/firestore.googleapis.com x-goog-quota-user=projects/realtime-innovations-57cc8
[debug] [2024-07-27T11:43:26.082Z] <<< [apiv2][status] GET https://serviceusage.googleapis.com/v1/projects/realtime-innovations-57cc8/services/firestore.googleapis.com 200
[debug] [2024-07-27T11:43:26.082Z] <<< [apiv2][body] GET https://serviceusage.googleapis.com/v1/projects/realtime-innovations-57cc8/services/firestore.googleapis.com [omitted]
[debug] [2024-07-27T11:43:26.083Z] >>> [apiv2][query] GET https://firestore.googleapis.com/v1/projects/realtime-innovations-57cc8/databases/(default) [none]
[debug] [2024-07-27T11:43:28.336Z] <<< [apiv2][status] GET https://firestore.googleapis.com/v1/projects/realtime-innovations-57cc8/databases/(default) 200
[debug] [2024-07-27T11:43:28.338Z] <<< [apiv2][body] GET https://firestore.googleapis.com/v1/projects/realtime-innovations-57cc8/databases/(default) {"name":"projects/realtime-innovations-57cc8/databases/(default)","uid":"db3f863d-b40b-4e9d-8f1e-67d0c15beac8","createTime":"2024-07-23T16:18:23.877003Z","updateTime":"2024-07-23T16:18:23.877003Z","locationId":"nam5","type":"FIRESTORE_NATIVE","concurrencyMode":"PESSIMISTIC","versionRetentionPeriod":"3600s","earliestVersionTime":"2024-07-27T10:43:28.051099Z","appEngineIntegrationMode":"DISABLED","keyPrefix":"s","pointInTimeRecoveryEnablement":"POINT_IN_TIME_RECOVERY_DISABLED","deleteProtectionState":"DELETE_PROTECTION_DISABLED","etag":"IKa6q5eSx4cDMJy8vLjIvYcD"}
[debug] [2024-07-27T11:43:28.338Z] database_type: FIRESTORE_NATIVE
[debug] [2024-07-27T11:43:28.339Z] > command requires scopes: ["email","openid","https://www.googleapis.com/auth/cloudplatformprojects.readonly","https://www.googleapis.com/auth/firebase","https://www.googleapis.com/auth/cloud-platform"]
[debug] [2024-07-27T11:43:28.339Z] > authorizing via signed-in user (tanmayct@gmail.com)
[debug] [2024-07-27T11:43:28.339Z] [iam] checking project realtime-innovations-57cc8 for permissions ["firebase.projects.get"]
[debug] [2024-07-27T11:43:28.340Z] >>> [apiv2][query] POST https://cloudresourcemanager.googleapis.com/v1/projects/realtime-innovations-57cc8:testIamPermissions [none]
[debug] [2024-07-27T11:43:28.340Z] >>> [apiv2][(partial)header] POST https://cloudresourcemanager.googleapis.com/v1/projects/realtime-innovations-57cc8:testIamPermissions x-goog-quota-user=projects/realtime-innovations-57cc8
[debug] [2024-07-27T11:43:28.340Z] >>> [apiv2][body] POST https://cloudresourcemanager.googleapis.com/v1/projects/realtime-innovations-57cc8:testIamPermissions {"permissions":["firebase.projects.get"]}
[debug] [2024-07-27T11:43:30.380Z] <<< [apiv2][status] POST https://cloudresourcemanager.googleapis.com/v1/projects/realtime-innovations-57cc8:testIamPermissions 200
[debug] [2024-07-27T11:43:30.381Z] <<< [apiv2][body] POST https://cloudresourcemanager.googleapis.com/v1/projects/realtime-innovations-57cc8:testIamPermissions {"permissions":["firebase.projects.get"]}
[info] 
[info] Firestore Security Rules allow you to define how and when to allow
[info] requests. You can keep these rules in your project directory
[info] and publish them with firebase deploy.
[info] 
[debug] [2024-07-27T11:43:55.340Z] >>> [apiv2][query] GET https://firebaserules.googleapis.com/v1/projects/realtime-innovations-57cc8/releases pageSize=10&pageToken=
[debug] [2024-07-27T11:43:57.003Z] <<< [apiv2][status] GET https://firebaserules.googleapis.com/v1/projects/realtime-innovations-57cc8/releases 200
[debug] [2024-07-27T11:43:57.003Z] <<< [apiv2][body] GET https://firebaserules.googleapis.com/v1/projects/realtime-innovations-57cc8/releases {"releases":[{"name":"projects/realtime-innovations-57cc8/releases/cloud.firestore","rulesetName":"projects/realtime-innovations-57cc8/rulesets/b03faa0f-6c1e-4a36-9524-9f05c31e5e07","createTime":"2024-07-23T16:18:32.931702Z","updateTime":"2024-07-23T16:18:32.931702Z"}]}
[debug] [2024-07-27T11:43:57.003Z] Found ruleset: projects/realtime-innovations-57cc8/rulesets/b03faa0f-6c1e-4a36-9524-9f05c31e5e07
[debug] [2024-07-27T11:43:57.004Z] >>> [apiv2][query] GET https://firebaserules.googleapis.com/v1/projects/realtime-innovations-57cc8/rulesets/b03faa0f-6c1e-4a36-9524-9f05c31e5e07 [none]
[debug] [2024-07-27T11:43:58.442Z] <<< [apiv2][status] GET https://firebaserules.googleapis.com/v1/projects/realtime-innovations-57cc8/rulesets/b03faa0f-6c1e-4a36-9524-9f05c31e5e07 200
[debug] [2024-07-27T11:43:58.442Z] <<< [apiv2][body] GET https://firebaserules.googleapis.com/v1/projects/realtime-innovations-57cc8/rulesets/b03faa0f-6c1e-4a36-9524-9f05c31e5e07 [omitted]
[info] 
[info] Firestore indexes allow you to perform complex queries while
[info] maintaining performance that scales with the size of the result
[info] set. You can keep index definitions in your project directory
[info] and publish them with firebase deploy.
[info] 
[debug] [2024-07-27T11:44:02.686Z] >>> [apiv2][query] GET https://firestore.googleapis.com/v1/projects/realtime-innovations-57cc8/databases/(default)/collectionGroups/-/indexes [none]
[debug] [2024-07-27T11:44:02.688Z] >>> [apiv2][query] GET https://firestore.googleapis.com/v1/projects/realtime-innovations-57cc8/databases/(default)/collectionGroups/-/fields?filter=indexConfig.usesAncestorConfig=false OR ttlConfig:* [none]
[debug] [2024-07-27T11:44:04.481Z] <<< [apiv2][status] GET https://firestore.googleapis.com/v1/projects/realtime-innovations-57cc8/databases/(default)/collectionGroups/-/indexes 200
[debug] [2024-07-27T11:44:04.482Z] <<< [apiv2][body] GET https://firestore.googleapis.com/v1/projects/realtime-innovations-57cc8/databases/(default)/collectionGroups/-/indexes {}
[debug] [2024-07-27T11:44:04.483Z] <<< [apiv2][status] GET https://firestore.googleapis.com/v1/projects/realtime-innovations-57cc8/databases/(default)/collectionGroups/-/fields?filter=indexConfig.usesAncestorConfig=false OR ttlConfig:* 200
[debug] [2024-07-27T11:44:04.484Z] <<< [apiv2][body] GET https://firestore.googleapis.com/v1/projects/realtime-innovations-57cc8/databases/(default)/collectionGroups/-/fields?filter=indexConfig.usesAncestorConfig=false OR ttlConfig:* {"fields":[{"name":"projects/realtime-innovations-57cc8/databases/(default)/collectionGroups/__default__/fields/*","indexConfig":{"indexes":[{"queryScope":"COLLECTION","fields":[{"fieldPath":"*","order":"ASCENDING"}],"state":"READY"},{"queryScope":"COLLECTION","fields":[{"fieldPath":"*","order":"DESCENDING"}],"state":"READY"},{"queryScope":"COLLECTION","fields":[{"fieldPath":"*","arrayConfig":"CONTAINS"}],"state":"READY"}]}}]}
[info] 
=== Hosting Setup
[debug] [2024-07-27T11:44:04.492Z] >>> [apiv2][query] GET https://firebase.googleapis.com/v1beta1/projects/realtime-innovations-57cc8 [none]
[debug] [2024-07-27T11:44:05.090Z] <<< [apiv2][status] GET https://firebase.googleapis.com/v1beta1/projects/realtime-innovations-57cc8 200
[debug] [2024-07-27T11:44:05.090Z] <<< [apiv2][body] GET https://firebase.googleapis.com/v1beta1/projects/realtime-innovations-57cc8 {"projectId":"realtime-innovations-57cc8","projectNumber":"106540921281","displayName":"Realtime innovations","name":"projects/realtime-innovations-57cc8","resources":{"hostingSite":"realtime-innovations-57cc8"},"state":"ACTIVE","etag":"1_33bd701e-f0e5-441b-8cf0-327dfba0cce7"}
[info] 
[info] Your public directory is the folder (relative to your project directory) that
[info] will contain Hosting assets to be uploaded with firebase deploy. If you
[info] have a build process for your assets, use your build's output directory.
[info] 
[debug] [2024-07-27T11:44:15.406Z] >>> [apiv2][query] GET https://www.gstatic.com/firebasejs/releases.json [none]
[debug] [2024-07-27T11:44:15.603Z] <<< [apiv2][status] GET https://www.gstatic.com/firebasejs/releases.json 200
[debug] [2024-07-27T11:44:15.603Z] <<< [apiv2][body] GET https://www.gstatic.com/firebasejs/releases.json {"current":{"version":"10.12.4","browserURL":"https://www.gstatic.com/firebasejs/10.12.4/firebase.js","packageURL":"https://www.gstatic.com/firebasejs/10.12.4/firebase.tgz"},"live":{"version":"10.12","browserURL":"https://www.gstatic.com/firebasejs/live/10.12/firebase.js","packageURL":"https://www.gstatic.com/firebasejs/live/10.12/firebase.tgz"},"components":{"analytics":"https://www.gstatic.com/firebasejs/10.12.4/firebase-analytics.js","app":"https://www.gstatic.com/firebasejs/10.12.4/firebase-app.js","app-check":"https://www.gstatic.com/firebasejs/10.12.4/firebase-app-check.js","auth":"https://www.gstatic.com/firebasejs/10.12.4/firebase-auth.js","auth/cordova":"https://www.gstatic.com/firebasejs/10.12.4/firebase-auth/cordova.js","auth/web-extension":"https://www.gstatic.com/firebasejs/10.12.4/firebase-auth/web-extension.js","functions":"https://www.gstatic.com/firebasejs/10.12.4/firebase-functions.js","firestore":"https://www.gstatic.com/firebasejs/10.12.4/firebase-firestore.js","firestore/lite":"https://www.gstatic.com/firebasejs/10.12.4/firebase-firestore/lite.js","installations":"https://www.gstatic.com/firebasejs/10.12.4/firebase-installations.js","storage":"https://www.gstatic.com/firebasejs/10.12.4/firebase-storage.js","performance":"https://www.gstatic.com/firebasejs/10.12.4/firebase-performance.js","remote-config":"https://www.gstatic.com/firebasejs/10.12.4/firebase-remote-config.js","messaging":"https://www.gstatic.com/firebasejs/10.12.4/firebase-messaging.js","messaging/sw":"https://www.gstatic.com/firebasejs/10.12.4/firebase-messaging/sw.js","database":"https://www.gstatic.com/firebasejs/10.12.4/firebase-database.js","vertexai-preview":"https://www.gstatic.com/firebasejs/10.12.4/firebase-vertexai-preview.js","firestore.memory":"https://www.gstatic.com/firebasejs/10.12.4/firebase-firestore.memory.js"}}
[info] +  Wrote public/index.html 
[info] 
[info] i  Detected a .git folder at C:\Users\FA-Tanmay\Desktop\Realtime\employee-list 
[info] i  Authorizing with GitHub to upload your service account to a GitHub repository's secrets store. 
[info] 
[info] Visit this URL on this device to log in:
[info] https://github.com/login/oauth/authorize?client_id=89cf50f02ac6aaed3484&state=162887222&redirect_uri=http%3A%2F%2Flocalhost%3A9005&scope=read%3Auser%20repo%20public_repo
[info] 
[info] Waiting for authentication...
[debug] [2024-07-27T11:44:20.733Z] >>> [apiv2][query] POST https://github.com/login/oauth/access_token [none]
[debug] [2024-07-27T11:44:20.733Z] >>> [apiv2][body] POST https://github.com/login/oauth/access_token [stream]
[debug] [2024-07-27T11:44:21.169Z] <<< [apiv2][status] POST https://github.com/login/oauth/access_token 200
[debug] [2024-07-27T11:44:21.171Z] <<< [apiv2][body] POST https://github.com/login/oauth/access_token {"access_token":"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","token_type":"bearer","scope":"read:user,repo"}
[debug] [2024-07-27T11:44:21.185Z] >>> [apiv2][query] GET https://api.github.com/user [none]
[debug] [2024-07-27T11:44:21.615Z] <<< [apiv2][status] GET https://api.github.com/user 200
[debug] [2024-07-27T11:44:21.616Z] <<< [apiv2][body] GET https://api.github.com/user {"login":"Tanmay1022","id":46391949,"node_id":"MDQ6VXNlcjQ2MzkxOTQ5","avatar_url":"https://avatars.githubusercontent.com/u/46391949?v=4","gravatar_id":"","url":"https://api.github.com/users/Tanmay1022","html_url":"https://github.com/Tanmay1022","followers_url":"https://api.github.com/users/Tanmay1022/followers","following_url":"https://api.github.com/users/Tanmay1022/following{/other_user}","gists_url":"https://api.github.com/users/Tanmay1022/gists{/gist_id}","starred_url":"https://api.github.com/users/Tanmay1022/starred{/owner}{/repo}","subscriptions_url":"https://api.github.com/users/Tanmay1022/subscriptions","organizations_url":"https://api.github.com/users/Tanmay1022/orgs","repos_url":"https://api.github.com/users/Tanmay1022/repos","events_url":"https://api.github.com/users/Tanmay1022/events{/privacy}","received_events_url":"https://api.github.com/users/Tanmay1022/received_events","type":"User","site_admin":false,"name":null,"company":null,"blog":"","location":null,"email":null,"hireable":null,"bio":null,"twitter_username":null,"public_repos":5,"public_gists":0,"followers":2,"following":1,"created_at":"2019-01-05T05:26:23Z","updated_at":"2024-07-27T11:35:53Z","private_gists":0,"total_private_repos":0,"owned_private_repos":0,"disk_usage":4207,"collaborators":0,"two_factor_authentication":false,"plan":{"name":"free","space":976562499,"collaborators":0,"private_repos":10000}}
[info] 
[info] +  Success! Logged into GitHub as Tanmay1022 
[info] 
[debug] [2024-07-27T11:44:37.066Z] >>> [apiv2][query] GET https://api.github.com/repos//actions/secrets/public-key type=owner
[debug] [2024-07-27T11:44:37.451Z] <<< [apiv2][status] GET https://api.github.com/repos//actions/secrets/public-key 404
[debug] [2024-07-27T11:44:37.451Z] <<< [apiv2][body] GET https://api.github.com/repos//actions/secrets/public-key {"message":"Not Found","documentation_url":"https://docs.github.com/rest","status":"404"}
[info] 
[info] 
[error] !  The provided authorization cannot be used with this repository. If this repository is in an organization, did you remember to grant access? 
[info] 
[info] i  Action required: Visit this URL to ensure access has been granted to the appropriate organization(s) for the Firebase CLI GitHub OAuth App: 
[info] https://github.com/settings/connections/applications/89cf50f02ac6aaed3484
[info] 
[debug] [2024-07-27T11:44:45.869Z] >>> [apiv2][query] GET https://api.github.com/repos//actions/secrets/public-key type=owner
[debug] [2024-07-27T11:44:46.258Z] <<< [apiv2][status] GET https://api.github.com/repos//actions/secrets/public-key 404
[debug] [2024-07-27T11:44:46.259Z] <<< [apiv2][body] GET https://api.github.com/repos//actions/secrets/public-key {"message":"Not Found","documentation_url":"https://docs.github.com/rest","status":"404"}
[info] 
[info] 
[error] !  The provided authorization cannot be used with this repository. If this repository is in an organization, did you remember to grant access? 
[info] 
[info] i  Action required: Visit this URL to ensure access has been granted to the appropriate organization(s) for the Firebase CLI GitHub OAuth App: 
[info] https://github.com/settings/connections/applications/89cf50f02ac6aaed3484
[info] 
